2022-12-11 20:55:00.960135+00:00 [notice] <0.229.0> Logging: configured log handlers are now ACTIVE
2022-12-11 20:55:01.248378+00:00 [info] <0.229.0> ra: starting system quorum_queues
2022-12-11 20:55:01.248483+00:00 [info] <0.229.0> starting Ra system: quorum_queues in directory: /var/lib/rabbitmq/mnesia/rabbit@d3cb112aed60/quorum/rabbit@d3cb112aed60
2022-12-11 20:55:01.346564+00:00 [info] <0.266.0> ra system 'quorum_queues' running pre init for 0 registered servers
2022-12-11 20:55:01.362863+00:00 [info] <0.267.0> ra: meta data store initialised for system quorum_queues. 0 record(s) recovered
2022-12-11 20:55:01.378928+00:00 [notice] <0.272.0> WAL: ra_log_wal init, open tbls: ra_log_open_mem_tables, closed tbls: ra_log_closed_mem_tables
2022-12-11 20:55:01.401284+00:00 [info] <0.229.0> ra: starting system coordination
2022-12-11 20:55:01.401423+00:00 [info] <0.229.0> starting Ra system: coordination in directory: /var/lib/rabbitmq/mnesia/rabbit@d3cb112aed60/coordination/rabbit@d3cb112aed60
2022-12-11 20:55:01.414056+00:00 [info] <0.279.0> ra system 'coordination' running pre init for 0 registered servers
2022-12-11 20:55:01.419479+00:00 [info] <0.280.0> ra: meta data store initialised for system coordination. 0 record(s) recovered
2022-12-11 20:55:01.419666+00:00 [notice] <0.285.0> WAL: ra_coordination_log_wal init, open tbls: ra_coordination_log_open_mem_tables, closed tbls: ra_coordination_log_closed_mem_tables
2022-12-11 20:55:01.436019+00:00 [info] <0.229.0> 
2022-12-11 20:55:01.436019+00:00 [info] <0.229.0>  Starting RabbitMQ 3.11.4 on Erlang 25.1.2 [jit]
2022-12-11 20:55:01.436019+00:00 [info] <0.229.0>  Copyright (c) 2007-2022 VMware, Inc. or its affiliates.
2022-12-11 20:55:01.436019+00:00 [info] <0.229.0>  Licensed under the MPL 2.0. Website: https://rabbitmq.com
2022-12-11 20:55:01.437642+00:00 [info] <0.229.0> 
2022-12-11 20:55:01.437642+00:00 [info] <0.229.0>  node           : rabbit@d3cb112aed60
2022-12-11 20:55:01.437642+00:00 [info] <0.229.0>  home dir       : /var/lib/rabbitmq
2022-12-11 20:55:01.437642+00:00 [info] <0.229.0>  config file(s) : (none)
2022-12-11 20:55:01.437642+00:00 [info] <0.229.0>  cookie hash    : lUvM20pKFV7CRHIEbv4HRQ==
2022-12-11 20:55:01.437642+00:00 [info] <0.229.0>  log(s)         : /var/log/rabbitmq/rabbit@d3cb112aed60.log
2022-12-11 20:55:01.437642+00:00 [info] <0.229.0>                 : /var/log/rabbitmq/rabbit@d3cb112aed60_upgrade.log
2022-12-11 20:55:01.437642+00:00 [info] <0.229.0>                 : <stdout>
2022-12-11 20:55:01.437642+00:00 [info] <0.229.0>  database dir   : /var/lib/rabbitmq/mnesia/rabbit@d3cb112aed60
2022-12-11 20:55:04.308095+00:00 [info] <0.229.0> Running boot step pre_boot defined by app rabbit
2022-12-11 20:55:04.308202+00:00 [info] <0.229.0> Running boot step rabbit_global_counters defined by app rabbit
2022-12-11 20:55:04.308543+00:00 [info] <0.229.0> Running boot step rabbit_osiris_metrics defined by app rabbit
2022-12-11 20:55:04.308676+00:00 [info] <0.229.0> Running boot step rabbit_core_metrics defined by app rabbit
2022-12-11 20:55:04.309282+00:00 [info] <0.229.0> Running boot step rabbit_alarm defined by app rabbit
2022-12-11 20:55:04.312516+00:00 [info] <0.297.0> Memory high watermark set to 6282 MiB (6587274035 bytes) of 15705 MiB (16468185088 bytes) total
2022-12-11 20:55:04.318878+00:00 [info] <0.299.0> Enabling free disk space monitoring
2022-12-11 20:55:04.318940+00:00 [info] <0.299.0> Disk free limit set to 50MB
2022-12-11 20:55:04.322933+00:00 [info] <0.229.0> Running boot step code_server_cache defined by app rabbit
2022-12-11 20:55:04.323032+00:00 [info] <0.229.0> Running boot step file_handle_cache defined by app rabbit
2022-12-11 20:55:04.323214+00:00 [info] <0.302.0> Limiting to approx 1048479 file handles (943629 sockets)
2022-12-11 20:55:04.323339+00:00 [info] <0.303.0> FHC read buffering: OFF
2022-12-11 20:55:04.323375+00:00 [info] <0.303.0> FHC write buffering: ON
2022-12-11 20:55:04.324179+00:00 [info] <0.229.0> Running boot step worker_pool defined by app rabbit
2022-12-11 20:55:04.324296+00:00 [info] <0.287.0> Will use 16 processes for default worker pool
2022-12-11 20:55:04.324340+00:00 [info] <0.287.0> Starting worker pool 'worker_pool' with 16 processes in it
2022-12-11 20:55:04.324846+00:00 [info] <0.229.0> Running boot step database defined by app rabbit
2022-12-11 20:55:04.326584+00:00 [info] <0.229.0> Node database directory at /var/lib/rabbitmq/mnesia/rabbit@d3cb112aed60 is empty. Assuming we need to join an existing cluster or initialise from scratch...
2022-12-11 20:55:04.326624+00:00 [info] <0.229.0> Configured peer discovery backend: rabbit_peer_discovery_classic_config
2022-12-11 20:55:04.326642+00:00 [info] <0.229.0> Will try to lock with peer discovery backend rabbit_peer_discovery_classic_config
2022-12-11 20:55:04.326716+00:00 [info] <0.229.0> All discovered existing cluster peers:
2022-12-11 20:55:04.326769+00:00 [info] <0.229.0> Discovered no peer nodes to cluster with. Some discovery backends can filter nodes out based on a readiness criteria. Enabling debug logging might help troubleshoot.
2022-12-11 20:55:04.330321+00:00 [notice] <0.44.0> Application mnesia exited with reason: stopped
2022-12-11 20:55:04.777216+00:00 [info] <0.229.0> Waiting for Mnesia tables for 30000 ms, 9 retries left
2022-12-11 20:55:04.777349+00:00 [info] <0.229.0> Successfully synced tables from a peer
2022-12-11 20:55:04.795673+00:00 [info] <0.229.0> Feature flags: `feature_flags_v2`: supported, attempt to enable...
2022-12-11 20:55:04.824599+00:00 [notice] <0.288.0> Feature flags: attempt to enable `classic_mirrored_queue_version`...
2022-12-11 20:55:04.858017+00:00 [notice] <0.288.0> Feature flags: `classic_mirrored_queue_version` enabled
2022-12-11 20:55:04.858756+00:00 [notice] <0.288.0> Feature flags: attempt to enable `classic_queue_type_delivery_support`...
2022-12-11 20:55:04.871979+00:00 [notice] <0.288.0> Feature flags: attempt to enable `stream_queue`...
2022-12-11 20:55:04.903273+00:00 [notice] <0.288.0> Feature flags: `stream_queue` enabled
2022-12-11 20:55:04.921128+00:00 [notice] <0.288.0> Feature flags: `classic_queue_type_delivery_support` enabled
2022-12-11 20:55:04.921759+00:00 [notice] <0.288.0> Feature flags: attempt to enable `direct_exchange_routing_v2`...
2022-12-11 20:55:04.933176+00:00 [info] <0.508.0> Waiting for Mnesia tables for 30000 ms, 9 retries left
2022-12-11 20:55:04.933449+00:00 [info] <0.508.0> Successfully synced tables from a peer
2022-12-11 20:55:04.967089+00:00 [notice] <0.288.0> Feature flags: `direct_exchange_routing_v2` enabled
2022-12-11 20:55:04.968002+00:00 [notice] <0.288.0> Feature flags: attempt to enable `listener_records_in_ets`...
2022-12-11 20:55:05.090388+00:00 [notice] <0.288.0> Feature flags: `listener_records_in_ets` enabled
2022-12-11 20:55:05.093017+00:00 [notice] <0.288.0> Feature flags: attempt to enable `stream_single_active_consumer`...
2022-12-11 20:55:05.126173+00:00 [notice] <0.288.0> Feature flags: `stream_single_active_consumer` enabled
2022-12-11 20:55:05.126579+00:00 [notice] <0.288.0> Feature flags: attempt to enable `tracking_records_in_ets`...
2022-12-11 20:55:05.158974+00:00 [notice] <0.288.0> Feature flags: `tracking_records_in_ets` enabled
2022-12-11 20:55:05.159960+00:00 [info] <0.229.0> Waiting for Mnesia tables for 30000 ms, 9 retries left
2022-12-11 20:55:05.160432+00:00 [info] <0.229.0> Successfully synced tables from a peer
2022-12-11 20:55:05.198637+00:00 [info] <0.229.0> Waiting for Mnesia tables for 30000 ms, 9 retries left
2022-12-11 20:55:05.198879+00:00 [info] <0.229.0> Successfully synced tables from a peer
2022-12-11 20:55:05.198920+00:00 [info] <0.229.0> Peer discovery backend rabbit_peer_discovery_classic_config does not support registration, skipping registration.
2022-12-11 20:55:05.198939+00:00 [info] <0.229.0> Will try to unlock with peer discovery backend rabbit_peer_discovery_classic_config
2022-12-11 20:55:05.199076+00:00 [info] <0.229.0> Running boot step tracking_metadata_store defined by app rabbit
2022-12-11 20:55:05.199281+00:00 [info] <0.608.0> Setting up a table for connection tracking on this node: tracked_connection
2022-12-11 20:55:05.199415+00:00 [info] <0.608.0> Setting up a table for per-vhost connection counting on this node: tracked_connection_per_vhost
2022-12-11 20:55:05.199456+00:00 [info] <0.608.0> Setting up a table for per-user connection counting on this node: tracked_connection_per_user
2022-12-11 20:55:05.199525+00:00 [info] <0.608.0> Setting up a table for channel tracking on this node: tracked_channel
2022-12-11 20:55:05.199585+00:00 [info] <0.608.0> Setting up a table for channel tracking on this node: tracked_channel_per_user
2022-12-11 20:55:05.199708+00:00 [info] <0.229.0> Running boot step networking_metadata_store defined by app rabbit
2022-12-11 20:55:05.199878+00:00 [info] <0.229.0> Running boot step database_sync defined by app rabbit
2022-12-11 20:55:05.200024+00:00 [info] <0.229.0> Running boot step feature_flags defined by app rabbit
2022-12-11 20:55:05.202677+00:00 [info] <0.229.0> Running boot step codec_correctness_check defined by app rabbit
2022-12-11 20:55:05.202766+00:00 [info] <0.229.0> Running boot step external_infrastructure defined by app rabbit
2022-12-11 20:55:05.202793+00:00 [info] <0.229.0> Running boot step rabbit_event defined by app rabbit
2022-12-11 20:55:05.203008+00:00 [info] <0.229.0> Running boot step rabbit_registry defined by app rabbit
2022-12-11 20:55:05.203286+00:00 [info] <0.229.0> Running boot step rabbit_auth_mechanism_amqplain defined by app rabbit
2022-12-11 20:55:05.203418+00:00 [info] <0.229.0> Running boot step rabbit_auth_mechanism_cr_demo defined by app rabbit
2022-12-11 20:55:05.203515+00:00 [info] <0.229.0> Running boot step rabbit_auth_mechanism_plain defined by app rabbit
2022-12-11 20:55:05.203665+00:00 [info] <0.229.0> Running boot step rabbit_exchange_type_direct defined by app rabbit
2022-12-11 20:55:05.203768+00:00 [info] <0.229.0> Running boot step rabbit_exchange_type_fanout defined by app rabbit
2022-12-11 20:55:05.203822+00:00 [info] <0.229.0> Running boot step rabbit_exchange_type_headers defined by app rabbit
2022-12-11 20:55:05.203853+00:00 [info] <0.229.0> Running boot step rabbit_exchange_type_topic defined by app rabbit
2022-12-11 20:55:05.203917+00:00 [info] <0.229.0> Running boot step rabbit_mirror_queue_mode_all defined by app rabbit
2022-12-11 20:55:05.203949+00:00 [info] <0.229.0> Running boot step rabbit_mirror_queue_mode_exactly defined by app rabbit
2022-12-11 20:55:05.204057+00:00 [info] <0.229.0> Running boot step rabbit_mirror_queue_mode_nodes defined by app rabbit
2022-12-11 20:55:05.204284+00:00 [info] <0.229.0> Running boot step rabbit_priority_queue defined by app rabbit
2022-12-11 20:55:05.204336+00:00 [info] <0.229.0> Priority queues enabled, real BQ is rabbit_variable_queue
2022-12-11 20:55:05.204388+00:00 [info] <0.229.0> Running boot step rabbit_queue_location_client_local defined by app rabbit
2022-12-11 20:55:05.204433+00:00 [info] <0.229.0> Running boot step rabbit_queue_location_min_masters defined by app rabbit
2022-12-11 20:55:05.204459+00:00 [info] <0.229.0> Running boot step rabbit_queue_location_random defined by app rabbit
2022-12-11 20:55:05.204481+00:00 [info] <0.229.0> Running boot step kernel_ready defined by app rabbit
2022-12-11 20:55:05.204494+00:00 [info] <0.229.0> Running boot step rabbit_sysmon_minder defined by app rabbit
2022-12-11 20:55:05.204661+00:00 [info] <0.229.0> Running boot step rabbit_epmd_monitor defined by app rabbit
2022-12-11 20:55:05.205591+00:00 [info] <0.617.0> epmd monitor knows us, inter-node communication (distribution) port: 25672
2022-12-11 20:55:05.205751+00:00 [info] <0.229.0> Running boot step guid_generator defined by app rabbit
2022-12-11 20:55:05.217598+00:00 [info] <0.229.0> Running boot step rabbit_node_monitor defined by app rabbit
2022-12-11 20:55:05.217882+00:00 [info] <0.621.0> Starting rabbit_node_monitor
2022-12-11 20:55:05.218016+00:00 [info] <0.229.0> Running boot step delegate_sup defined by app rabbit
2022-12-11 20:55:05.218374+00:00 [info] <0.229.0> Running boot step rabbit_memory_monitor defined by app rabbit
2022-12-11 20:55:05.218675+00:00 [info] <0.229.0> Running boot step rabbit_fifo_dlx_sup defined by app rabbit
2022-12-11 20:55:05.218850+00:00 [info] <0.229.0> Running boot step core_initialized defined by app rabbit
2022-12-11 20:55:05.218882+00:00 [info] <0.229.0> Running boot step upgrade_queues defined by app rabbit
2022-12-11 20:55:05.232606+00:00 [info] <0.229.0> message_store upgrades: 1 to apply
2022-12-11 20:55:05.232810+00:00 [info] <0.229.0> message_store upgrades: Applying rabbit_variable_queue:move_messages_to_vhost_store
2022-12-11 20:55:05.232943+00:00 [info] <0.229.0> message_store upgrades: No durable queues found. Skipping message store migration
2022-12-11 20:55:05.232974+00:00 [info] <0.229.0> message_store upgrades: Removing the old message store data
2022-12-11 20:55:05.237398+00:00 [info] <0.229.0> message_store upgrades: All upgrades applied successfully
2022-12-11 20:55:05.263967+00:00 [info] <0.229.0> Running boot step channel_tracking defined by app rabbit
2022-12-11 20:55:05.264050+00:00 [info] <0.229.0> Running boot step rabbit_channel_tracking_handler defined by app rabbit
2022-12-11 20:55:05.264140+00:00 [info] <0.229.0> Running boot step connection_tracking defined by app rabbit
2022-12-11 20:55:05.264168+00:00 [info] <0.229.0> Running boot step rabbit_connection_tracking_handler defined by app rabbit
2022-12-11 20:55:05.264228+00:00 [info] <0.229.0> Running boot step rabbit_definitions_hashing defined by app rabbit
2022-12-11 20:55:05.264374+00:00 [info] <0.229.0> Running boot step rabbit_exchange_parameters defined by app rabbit
2022-12-11 20:55:05.264539+00:00 [info] <0.229.0> Running boot step rabbit_mirror_queue_misc defined by app rabbit
2022-12-11 20:55:05.264982+00:00 [info] <0.229.0> Running boot step rabbit_policies defined by app rabbit
2022-12-11 20:55:05.265583+00:00 [info] <0.229.0> Running boot step rabbit_policy defined by app rabbit
2022-12-11 20:55:05.265685+00:00 [info] <0.229.0> Running boot step rabbit_queue_location_validator defined by app rabbit
2022-12-11 20:55:05.265722+00:00 [info] <0.229.0> Running boot step rabbit_quorum_memory_manager defined by app rabbit
2022-12-11 20:55:05.265760+00:00 [info] <0.229.0> Running boot step rabbit_stream_coordinator defined by app rabbit
2022-12-11 20:55:05.266171+00:00 [info] <0.229.0> Running boot step rabbit_vhost_limit defined by app rabbit
2022-12-11 20:55:05.266476+00:00 [info] <0.229.0> Running boot step recovery defined by app rabbit
2022-12-11 20:55:05.267896+00:00 [info] <0.229.0> Running boot step empty_db_check defined by app rabbit
2022-12-11 20:55:05.268003+00:00 [info] <0.229.0> Will seed default virtual host and user...
2022-12-11 20:55:05.268143+00:00 [info] <0.229.0> Adding vhost '/' (description: 'Default virtual host', tags: [])
2022-12-11 20:55:05.274475+00:00 [info] <0.229.0> Applying default limits to vhost '<<"/">>': []
2022-12-11 20:55:05.305442+00:00 [info] <0.658.0> Making sure data directory '/var/lib/rabbitmq/mnesia/rabbit@d3cb112aed60/msg_stores/vhosts/628WB79CIFDYO9LJI6DKMI09L' for vhost '/' exists
2022-12-11 20:55:05.321652+00:00 [info] <0.658.0> Setting segment_entry_count for vhost '/' with 0 queues to '2048'
2022-12-11 20:55:05.339108+00:00 [info] <0.658.0> Starting message stores for vhost '/'
2022-12-11 20:55:05.339762+00:00 [info] <0.663.0> Message store "628WB79CIFDYO9LJI6DKMI09L/msg_store_transient": using rabbit_msg_store_ets_index to provide index
2022-12-11 20:55:05.366379+00:00 [info] <0.658.0> Started message store of type transient for vhost '/'
2022-12-11 20:55:05.366654+00:00 [info] <0.667.0> Message store "628WB79CIFDYO9LJI6DKMI09L/msg_store_persistent": using rabbit_msg_store_ets_index to provide index
2022-12-11 20:55:05.373788+00:00 [warning] <0.667.0> Message store "628WB79CIFDYO9LJI6DKMI09L/msg_store_persistent": rebuilding indices from scratch
2022-12-11 20:55:05.382388+00:00 [info] <0.658.0> Started message store of type persistent for vhost '/'
2022-12-11 20:55:05.382622+00:00 [info] <0.658.0> Recovering 0 queues of type rabbit_classic_queue took 56ms
2022-12-11 20:55:05.382665+00:00 [info] <0.658.0> Recovering 0 queues of type rabbit_quorum_queue took 0ms
2022-12-11 20:55:05.382788+00:00 [info] <0.658.0> Recovering 0 queues of type rabbit_stream_queue took 0ms
2022-12-11 20:55:05.391545+00:00 [info] <0.229.0> Created user 'guest'
2022-12-11 20:55:05.396418+00:00 [info] <0.229.0> Successfully set user tags for user 'guest' to [administrator]
2022-12-11 20:55:05.401180+00:00 [info] <0.229.0> Successfully set permissions for 'guest' in virtual host '/' to '.*', '.*', '.*'
2022-12-11 20:55:05.401289+00:00 [info] <0.229.0> Running boot step rabbit_observer_cli defined by app rabbit
2022-12-11 20:55:05.401393+00:00 [info] <0.229.0> Running boot step rabbit_looking_glass defined by app rabbit
2022-12-11 20:55:05.401421+00:00 [info] <0.229.0> Running boot step rabbit_core_metrics_gc defined by app rabbit
2022-12-11 20:55:05.401637+00:00 [info] <0.229.0> Running boot step background_gc defined by app rabbit
2022-12-11 20:55:05.402160+00:00 [info] <0.229.0> Running boot step routing_ready defined by app rabbit
2022-12-11 20:55:05.402254+00:00 [info] <0.229.0> Running boot step pre_flight defined by app rabbit
2022-12-11 20:55:05.402382+00:00 [info] <0.229.0> Running boot step notify_cluster defined by app rabbit
2022-12-11 20:55:05.402560+00:00 [info] <0.229.0> Running boot step networking defined by app rabbit
2022-12-11 20:55:05.402709+00:00 [info] <0.229.0> Running boot step definition_import_worker_pool defined by app rabbit
2022-12-11 20:55:05.402808+00:00 [info] <0.287.0> Starting worker pool 'definition_import_pool' with 16 processes in it
2022-12-11 20:55:05.403536+00:00 [info] <0.229.0> Running boot step cluster_name defined by app rabbit
2022-12-11 20:55:05.403610+00:00 [info] <0.229.0> Initialising internal cluster ID to 'rabbitmq-cluster-id-RGAsxeLHvgFuOR4iWIJsnA'
2022-12-11 20:55:05.407473+00:00 [info] <0.229.0> Running boot step direct_client defined by app rabbit
2022-12-11 20:55:05.407605+00:00 [info] <0.229.0> Running boot step rabbit_maintenance_mode_state defined by app rabbit
2022-12-11 20:55:05.407633+00:00 [info] <0.229.0> Creating table rabbit_node_maintenance_states for maintenance mode status
2022-12-11 20:55:05.423402+00:00 [info] <0.716.0> Resetting node maintenance status
2022-12-11 20:55:05.423756+00:00 [info] <0.716.0> Ready to start client connection listeners
2022-12-11 20:55:05.426076+00:00 [info] <0.734.0> started TCP listener on [::]:5672
2022-12-11 20:55:05.520269+00:00 [info] <0.716.0> Server startup complete; 0 plugins started.
2022-12-11 20:55:34.475785+00:00 [info] <0.737.0> accepting AMQP connection <0.737.0> (172.18.0.1:38750 -> 172.18.0.2:5672)
2022-12-11 20:55:34.476000+00:00 [error] <0.737.0> closing AMQP connection <0.737.0> (172.18.0.1:38750 -> 172.18.0.2:5672):
2022-12-11 20:55:34.476000+00:00 [error] <0.737.0> {bad_header,<<"GET / HT">>}
2022-12-11 20:55:35.515348+00:00 [info] <0.743.0> accepting AMQP connection <0.743.0> (172.18.0.1:38752 -> 172.18.0.2:5672)
2022-12-11 20:55:35.515718+00:00 [error] <0.743.0> closing AMQP connection <0.743.0> (172.18.0.1:38752 -> 172.18.0.2:5672):
2022-12-11 20:55:35.515718+00:00 [error] <0.743.0> {bad_header,<<"GET / HT">>}
2022-12-11 20:55:40.544087+00:00 [info] <0.748.0> accepting AMQP connection <0.748.0> (172.18.0.1:38754 -> 172.18.0.2:5672)
2022-12-11 20:55:40.544401+00:00 [error] <0.748.0> closing AMQP connection <0.748.0> (172.18.0.1:38754 -> 172.18.0.2:5672):
2022-12-11 20:55:40.544401+00:00 [error] <0.748.0> {bad_header,<<"GET / HT">>}
2022-12-11 20:55:50.546099+00:00 [info] <0.753.0> accepting AMQP connection <0.753.0> (172.18.0.1:38756 -> 172.18.0.2:5672)
2022-12-11 20:55:50.546356+00:00 [error] <0.753.0> closing AMQP connection <0.753.0> (172.18.0.1:38756 -> 172.18.0.2:5672):
2022-12-11 20:55:50.546356+00:00 [error] <0.753.0> {handshake_timeout,handshake}
2022-12-11 22:08:34.505618+00:00 [notice] <0.61.0> SIGTERM received - shutting down
2022-12-11 22:08:34.505618+00:00 [notice] <0.61.0> 
2022-12-11 22:08:34.507969+00:00 [info] <0.229.0> Peer discovery backend rabbit_peer_discovery_classic_config does not support registration, skipping unregistration.
2022-12-11 22:08:34.508268+00:00 [info] <0.734.0> stopped TCP listener on [::]:5672
2022-12-11 22:08:34.509990+00:00 [info] <0.833.0> Closing all connections in vhost '/' on node 'rabbit@d3cb112aed60' because the vhost is stopping
2022-12-11 22:08:34.510153+00:00 [info] <0.667.0> Stopping message store for directory '/var/lib/rabbitmq/mnesia/rabbit@d3cb112aed60/msg_stores/vhosts/628WB79CIFDYO9LJI6DKMI09L/msg_store_persistent'
2022-12-11 22:08:34.539267+00:00 [info] <0.667.0> Message store for directory '/var/lib/rabbitmq/mnesia/rabbit@d3cb112aed60/msg_stores/vhosts/628WB79CIFDYO9LJI6DKMI09L/msg_store_persistent' is stopped
2022-12-11 22:08:34.539496+00:00 [info] <0.663.0> Stopping message store for directory '/var/lib/rabbitmq/mnesia/rabbit@d3cb112aed60/msg_stores/vhosts/628WB79CIFDYO9LJI6DKMI09L/msg_store_transient'
2022-12-11 22:08:34.582286+00:00 [info] <0.663.0> Message store for directory '/var/lib/rabbitmq/mnesia/rabbit@d3cb112aed60/msg_stores/vhosts/628WB79CIFDYO9LJI6DKMI09L/msg_store_transient' is stopped
