2022-12-11 22:21:39.601918+00:00 [notice] <0.229.0> Logging: configured log handlers are now ACTIVE
2022-12-11 22:21:39.921987+00:00 [info] <0.229.0> ra: starting system quorum_queues
2022-12-11 22:21:39.922165+00:00 [info] <0.229.0> starting Ra system: quorum_queues in directory: /var/lib/rabbitmq/mnesia/rabbit@bdda6f0b267f/quorum/rabbit@bdda6f0b267f
2022-12-11 22:21:40.021390+00:00 [info] <0.266.0> ra system 'quorum_queues' running pre init for 0 registered servers
2022-12-11 22:21:40.038862+00:00 [info] <0.267.0> ra: meta data store initialised for system quorum_queues. 0 record(s) recovered
2022-12-11 22:21:40.054912+00:00 [notice] <0.272.0> WAL: ra_log_wal init, open tbls: ra_log_open_mem_tables, closed tbls: ra_log_closed_mem_tables
2022-12-11 22:21:40.076179+00:00 [info] <0.229.0> ra: starting system coordination
2022-12-11 22:21:40.076243+00:00 [info] <0.229.0> starting Ra system: coordination in directory: /var/lib/rabbitmq/mnesia/rabbit@bdda6f0b267f/coordination/rabbit@bdda6f0b267f
2022-12-11 22:21:40.090504+00:00 [info] <0.279.0> ra system 'coordination' running pre init for 0 registered servers
2022-12-11 22:21:40.096718+00:00 [info] <0.280.0> ra: meta data store initialised for system coordination. 0 record(s) recovered
2022-12-11 22:21:40.097038+00:00 [notice] <0.285.0> WAL: ra_coordination_log_wal init, open tbls: ra_coordination_log_open_mem_tables, closed tbls: ra_coordination_log_closed_mem_tables
2022-12-11 22:21:40.114466+00:00 [info] <0.229.0> 
2022-12-11 22:21:40.114466+00:00 [info] <0.229.0>  Starting RabbitMQ 3.11.4 on Erlang 25.1.2 [jit]
2022-12-11 22:21:40.114466+00:00 [info] <0.229.0>  Copyright (c) 2007-2022 VMware, Inc. or its affiliates.
2022-12-11 22:21:40.114466+00:00 [info] <0.229.0>  Licensed under the MPL 2.0. Website: https://rabbitmq.com
2022-12-11 22:21:40.116401+00:00 [info] <0.229.0> 
2022-12-11 22:21:40.116401+00:00 [info] <0.229.0>  node           : rabbit@bdda6f0b267f
2022-12-11 22:21:40.116401+00:00 [info] <0.229.0>  home dir       : /var/lib/rabbitmq
2022-12-11 22:21:40.116401+00:00 [info] <0.229.0>  config file(s) : (none)
2022-12-11 22:21:40.116401+00:00 [info] <0.229.0>  cookie hash    : I632BxIeVcljukT8rLir8Q==
2022-12-11 22:21:40.116401+00:00 [info] <0.229.0>  log(s)         : /var/log/rabbitmq/rabbit@bdda6f0b267f.log
2022-12-11 22:21:40.116401+00:00 [info] <0.229.0>                 : /var/log/rabbitmq/rabbit@bdda6f0b267f_upgrade.log
2022-12-11 22:21:40.116401+00:00 [info] <0.229.0>                 : <stdout>
2022-12-11 22:21:40.116401+00:00 [info] <0.229.0>  database dir   : /var/lib/rabbitmq/mnesia/rabbit@bdda6f0b267f
2022-12-11 22:21:43.108483+00:00 [info] <0.229.0> Running boot step pre_boot defined by app rabbit
2022-12-11 22:21:43.108608+00:00 [info] <0.229.0> Running boot step rabbit_global_counters defined by app rabbit
2022-12-11 22:21:43.109075+00:00 [info] <0.229.0> Running boot step rabbit_osiris_metrics defined by app rabbit
2022-12-11 22:21:43.109345+00:00 [info] <0.229.0> Running boot step rabbit_core_metrics defined by app rabbit
2022-12-11 22:21:43.110035+00:00 [info] <0.229.0> Running boot step rabbit_alarm defined by app rabbit
2022-12-11 22:21:43.113811+00:00 [info] <0.297.0> Memory high watermark set to 6282 MiB (6587274035 bytes) of 15705 MiB (16468185088 bytes) total
2022-12-11 22:21:43.118752+00:00 [info] <0.299.0> Enabling free disk space monitoring
2022-12-11 22:21:43.118839+00:00 [info] <0.299.0> Disk free limit set to 50MB
2022-12-11 22:21:43.122462+00:00 [info] <0.229.0> Running boot step code_server_cache defined by app rabbit
2022-12-11 22:21:43.122681+00:00 [info] <0.229.0> Running boot step file_handle_cache defined by app rabbit
2022-12-11 22:21:43.122996+00:00 [info] <0.302.0> Limiting to approx 1048479 file handles (943629 sockets)
2022-12-11 22:21:43.123215+00:00 [info] <0.303.0> FHC read buffering: OFF
2022-12-11 22:21:43.123281+00:00 [info] <0.303.0> FHC write buffering: ON
2022-12-11 22:21:43.123763+00:00 [info] <0.229.0> Running boot step worker_pool defined by app rabbit
2022-12-11 22:21:43.123848+00:00 [info] <0.287.0> Will use 16 processes for default worker pool
2022-12-11 22:21:43.123903+00:00 [info] <0.287.0> Starting worker pool 'worker_pool' with 16 processes in it
2022-12-11 22:21:43.124629+00:00 [info] <0.229.0> Running boot step database defined by app rabbit
2022-12-11 22:21:43.126436+00:00 [info] <0.229.0> Node database directory at /var/lib/rabbitmq/mnesia/rabbit@bdda6f0b267f is empty. Assuming we need to join an existing cluster or initialise from scratch...
2022-12-11 22:21:43.126560+00:00 [info] <0.229.0> Configured peer discovery backend: rabbit_peer_discovery_classic_config
2022-12-11 22:21:43.126599+00:00 [info] <0.229.0> Will try to lock with peer discovery backend rabbit_peer_discovery_classic_config
2022-12-11 22:21:43.126708+00:00 [info] <0.229.0> All discovered existing cluster peers:
2022-12-11 22:21:43.126743+00:00 [info] <0.229.0> Discovered no peer nodes to cluster with. Some discovery backends can filter nodes out based on a readiness criteria. Enabling debug logging might help troubleshoot.
2022-12-11 22:21:43.130703+00:00 [notice] <0.44.0> Application mnesia exited with reason: stopped
2022-12-11 22:21:43.539756+00:00 [info] <0.229.0> Waiting for Mnesia tables for 30000 ms, 9 retries left
2022-12-11 22:21:43.539932+00:00 [info] <0.229.0> Successfully synced tables from a peer
2022-12-11 22:21:43.559195+00:00 [info] <0.229.0> Feature flags: `feature_flags_v2`: supported, attempt to enable...
2022-12-11 22:21:43.590842+00:00 [notice] <0.288.0> Feature flags: attempt to enable `classic_mirrored_queue_version`...
2022-12-11 22:21:43.630233+00:00 [notice] <0.288.0> Feature flags: `classic_mirrored_queue_version` enabled
2022-12-11 22:21:43.631567+00:00 [notice] <0.288.0> Feature flags: attempt to enable `classic_queue_type_delivery_support`...
2022-12-11 22:21:43.646728+00:00 [notice] <0.288.0> Feature flags: attempt to enable `stream_queue`...
2022-12-11 22:21:43.689280+00:00 [notice] <0.288.0> Feature flags: `stream_queue` enabled
2022-12-11 22:21:43.715444+00:00 [notice] <0.288.0> Feature flags: `classic_queue_type_delivery_support` enabled
2022-12-11 22:21:43.716570+00:00 [notice] <0.288.0> Feature flags: attempt to enable `direct_exchange_routing_v2`...
2022-12-11 22:21:43.733054+00:00 [info] <0.508.0> Waiting for Mnesia tables for 30000 ms, 9 retries left
2022-12-11 22:21:43.733478+00:00 [info] <0.508.0> Successfully synced tables from a peer
2022-12-11 22:21:43.776070+00:00 [notice] <0.288.0> Feature flags: `direct_exchange_routing_v2` enabled
2022-12-11 22:21:43.778143+00:00 [notice] <0.288.0> Feature flags: attempt to enable `listener_records_in_ets`...
2022-12-11 22:21:43.942339+00:00 [notice] <0.288.0> Feature flags: `listener_records_in_ets` enabled
2022-12-11 22:21:43.944495+00:00 [notice] <0.288.0> Feature flags: attempt to enable `stream_single_active_consumer`...
2022-12-11 22:21:43.978850+00:00 [notice] <0.288.0> Feature flags: `stream_single_active_consumer` enabled
2022-12-11 22:21:43.979880+00:00 [notice] <0.288.0> Feature flags: attempt to enable `tracking_records_in_ets`...
2022-12-11 22:21:44.018897+00:00 [notice] <0.288.0> Feature flags: `tracking_records_in_ets` enabled
2022-12-11 22:21:44.020168+00:00 [info] <0.229.0> Waiting for Mnesia tables for 30000 ms, 9 retries left
2022-12-11 22:21:44.020337+00:00 [info] <0.229.0> Successfully synced tables from a peer
2022-12-11 22:21:44.054474+00:00 [info] <0.229.0> Waiting for Mnesia tables for 30000 ms, 9 retries left
2022-12-11 22:21:44.054667+00:00 [info] <0.229.0> Successfully synced tables from a peer
2022-12-11 22:21:44.054746+00:00 [info] <0.229.0> Peer discovery backend rabbit_peer_discovery_classic_config does not support registration, skipping registration.
2022-12-11 22:21:44.054781+00:00 [info] <0.229.0> Will try to unlock with peer discovery backend rabbit_peer_discovery_classic_config
2022-12-11 22:21:44.054938+00:00 [info] <0.229.0> Running boot step tracking_metadata_store defined by app rabbit
2022-12-11 22:21:44.055102+00:00 [info] <0.608.0> Setting up a table for connection tracking on this node: tracked_connection
2022-12-11 22:21:44.055179+00:00 [info] <0.608.0> Setting up a table for per-vhost connection counting on this node: tracked_connection_per_vhost
2022-12-11 22:21:44.055238+00:00 [info] <0.608.0> Setting up a table for per-user connection counting on this node: tracked_connection_per_user
2022-12-11 22:21:44.055514+00:00 [info] <0.608.0> Setting up a table for channel tracking on this node: tracked_channel
2022-12-11 22:21:44.055656+00:00 [info] <0.608.0> Setting up a table for channel tracking on this node: tracked_channel_per_user
2022-12-11 22:21:44.055857+00:00 [info] <0.229.0> Running boot step networking_metadata_store defined by app rabbit
2022-12-11 22:21:44.056061+00:00 [info] <0.229.0> Running boot step database_sync defined by app rabbit
2022-12-11 22:21:44.056294+00:00 [info] <0.229.0> Running boot step feature_flags defined by app rabbit
2022-12-11 22:21:44.059377+00:00 [info] <0.229.0> Running boot step codec_correctness_check defined by app rabbit
2022-12-11 22:21:44.059506+00:00 [info] <0.229.0> Running boot step external_infrastructure defined by app rabbit
2022-12-11 22:21:44.059588+00:00 [info] <0.229.0> Running boot step rabbit_event defined by app rabbit
2022-12-11 22:21:44.059841+00:00 [info] <0.229.0> Running boot step rabbit_registry defined by app rabbit
2022-12-11 22:21:44.059974+00:00 [info] <0.229.0> Running boot step rabbit_auth_mechanism_amqplain defined by app rabbit
2022-12-11 22:21:44.060122+00:00 [info] <0.229.0> Running boot step rabbit_auth_mechanism_cr_demo defined by app rabbit
2022-12-11 22:21:44.060263+00:00 [info] <0.229.0> Running boot step rabbit_auth_mechanism_plain defined by app rabbit
2022-12-11 22:21:44.060397+00:00 [info] <0.229.0> Running boot step rabbit_exchange_type_direct defined by app rabbit
2022-12-11 22:21:44.060502+00:00 [info] <0.229.0> Running boot step rabbit_exchange_type_fanout defined by app rabbit
2022-12-11 22:21:44.060613+00:00 [info] <0.229.0> Running boot step rabbit_exchange_type_headers defined by app rabbit
2022-12-11 22:21:44.060703+00:00 [info] <0.229.0> Running boot step rabbit_exchange_type_topic defined by app rabbit
2022-12-11 22:21:44.060782+00:00 [info] <0.229.0> Running boot step rabbit_mirror_queue_mode_all defined by app rabbit
2022-12-11 22:21:44.060865+00:00 [info] <0.229.0> Running boot step rabbit_mirror_queue_mode_exactly defined by app rabbit
2022-12-11 22:21:44.060941+00:00 [info] <0.229.0> Running boot step rabbit_mirror_queue_mode_nodes defined by app rabbit
2022-12-11 22:21:44.061008+00:00 [info] <0.229.0> Running boot step rabbit_priority_queue defined by app rabbit
2022-12-11 22:21:44.061049+00:00 [info] <0.229.0> Priority queues enabled, real BQ is rabbit_variable_queue
2022-12-11 22:21:44.061140+00:00 [info] <0.229.0> Running boot step rabbit_queue_location_client_local defined by app rabbit
2022-12-11 22:21:44.061252+00:00 [info] <0.229.0> Running boot step rabbit_queue_location_min_masters defined by app rabbit
2022-12-11 22:21:44.061345+00:00 [info] <0.229.0> Running boot step rabbit_queue_location_random defined by app rabbit
2022-12-11 22:21:44.061438+00:00 [info] <0.229.0> Running boot step kernel_ready defined by app rabbit
2022-12-11 22:21:44.061468+00:00 [info] <0.229.0> Running boot step rabbit_sysmon_minder defined by app rabbit
2022-12-11 22:21:44.061706+00:00 [info] <0.229.0> Running boot step rabbit_epmd_monitor defined by app rabbit
2022-12-11 22:21:44.062982+00:00 [info] <0.617.0> epmd monitor knows us, inter-node communication (distribution) port: 25672
2022-12-11 22:21:44.063111+00:00 [info] <0.229.0> Running boot step guid_generator defined by app rabbit
2022-12-11 22:21:44.078680+00:00 [info] <0.229.0> Running boot step rabbit_node_monitor defined by app rabbit
2022-12-11 22:21:44.079067+00:00 [info] <0.621.0> Starting rabbit_node_monitor
2022-12-11 22:21:44.079425+00:00 [info] <0.229.0> Running boot step delegate_sup defined by app rabbit
2022-12-11 22:21:44.080066+00:00 [info] <0.229.0> Running boot step rabbit_memory_monitor defined by app rabbit
2022-12-11 22:21:44.080446+00:00 [info] <0.229.0> Running boot step rabbit_fifo_dlx_sup defined by app rabbit
2022-12-11 22:21:44.080657+00:00 [info] <0.229.0> Running boot step core_initialized defined by app rabbit
2022-12-11 22:21:44.080696+00:00 [info] <0.229.0> Running boot step upgrade_queues defined by app rabbit
2022-12-11 22:21:44.097180+00:00 [info] <0.229.0> message_store upgrades: 1 to apply
2022-12-11 22:21:44.097373+00:00 [info] <0.229.0> message_store upgrades: Applying rabbit_variable_queue:move_messages_to_vhost_store
2022-12-11 22:21:44.097530+00:00 [info] <0.229.0> message_store upgrades: No durable queues found. Skipping message store migration
2022-12-11 22:21:44.097588+00:00 [info] <0.229.0> message_store upgrades: Removing the old message store data
2022-12-11 22:21:44.101216+00:00 [info] <0.229.0> message_store upgrades: All upgrades applied successfully
2022-12-11 22:21:44.130015+00:00 [info] <0.229.0> Running boot step channel_tracking defined by app rabbit
2022-12-11 22:21:44.130141+00:00 [info] <0.229.0> Running boot step rabbit_channel_tracking_handler defined by app rabbit
2022-12-11 22:21:44.130208+00:00 [info] <0.229.0> Running boot step connection_tracking defined by app rabbit
2022-12-11 22:21:44.130285+00:00 [info] <0.229.0> Running boot step rabbit_connection_tracking_handler defined by app rabbit
2022-12-11 22:21:44.130361+00:00 [info] <0.229.0> Running boot step rabbit_definitions_hashing defined by app rabbit
2022-12-11 22:21:44.130457+00:00 [info] <0.229.0> Running boot step rabbit_exchange_parameters defined by app rabbit
2022-12-11 22:21:44.130575+00:00 [info] <0.229.0> Running boot step rabbit_mirror_queue_misc defined by app rabbit
2022-12-11 22:21:44.130852+00:00 [info] <0.229.0> Running boot step rabbit_policies defined by app rabbit
2022-12-11 22:21:44.131569+00:00 [info] <0.229.0> Running boot step rabbit_policy defined by app rabbit
2022-12-11 22:21:44.131736+00:00 [info] <0.229.0> Running boot step rabbit_queue_location_validator defined by app rabbit
2022-12-11 22:21:44.131852+00:00 [info] <0.229.0> Running boot step rabbit_quorum_memory_manager defined by app rabbit
2022-12-11 22:21:44.131929+00:00 [info] <0.229.0> Running boot step rabbit_stream_coordinator defined by app rabbit
2022-12-11 22:21:44.132491+00:00 [info] <0.229.0> Running boot step rabbit_vhost_limit defined by app rabbit
2022-12-11 22:21:44.132647+00:00 [info] <0.229.0> Running boot step recovery defined by app rabbit
2022-12-11 22:21:44.134742+00:00 [info] <0.229.0> Running boot step empty_db_check defined by app rabbit
2022-12-11 22:21:44.134863+00:00 [info] <0.229.0> Will seed default virtual host and user...
2022-12-11 22:21:44.134941+00:00 [info] <0.229.0> Adding vhost '/' (description: 'Default virtual host', tags: [])
2022-12-11 22:21:44.141471+00:00 [info] <0.229.0> Applying default limits to vhost '<<"/">>': []
2022-12-11 22:21:44.172310+00:00 [info] <0.658.0> Making sure data directory '/var/lib/rabbitmq/mnesia/rabbit@bdda6f0b267f/msg_stores/vhosts/628WB79CIFDYO9LJI6DKMI09L' for vhost '/' exists
2022-12-11 22:21:44.186128+00:00 [info] <0.658.0> Setting segment_entry_count for vhost '/' with 0 queues to '2048'
2022-12-11 22:21:44.201868+00:00 [info] <0.658.0> Starting message stores for vhost '/'
2022-12-11 22:21:44.202137+00:00 [info] <0.663.0> Message store "628WB79CIFDYO9LJI6DKMI09L/msg_store_transient": using rabbit_msg_store_ets_index to provide index
2022-12-11 22:21:44.226556+00:00 [info] <0.658.0> Started message store of type transient for vhost '/'
2022-12-11 22:21:44.226774+00:00 [info] <0.667.0> Message store "628WB79CIFDYO9LJI6DKMI09L/msg_store_persistent": using rabbit_msg_store_ets_index to provide index
2022-12-11 22:21:44.233959+00:00 [warning] <0.667.0> Message store "628WB79CIFDYO9LJI6DKMI09L/msg_store_persistent": rebuilding indices from scratch
2022-12-11 22:21:44.242069+00:00 [info] <0.658.0> Started message store of type persistent for vhost '/'
2022-12-11 22:21:44.242261+00:00 [info] <0.658.0> Recovering 0 queues of type rabbit_classic_queue took 52ms
2022-12-11 22:21:44.242301+00:00 [info] <0.658.0> Recovering 0 queues of type rabbit_quorum_queue took 0ms
2022-12-11 22:21:44.242319+00:00 [info] <0.658.0> Recovering 0 queues of type rabbit_stream_queue took 0ms
2022-12-11 22:21:44.249028+00:00 [info] <0.229.0> Created user 'guest'
2022-12-11 22:21:44.253021+00:00 [info] <0.229.0> Successfully set user tags for user 'guest' to [administrator]
2022-12-11 22:21:44.257436+00:00 [info] <0.229.0> Successfully set permissions for 'guest' in virtual host '/' to '.*', '.*', '.*'
2022-12-11 22:21:44.257649+00:00 [info] <0.229.0> Running boot step rabbit_observer_cli defined by app rabbit
2022-12-11 22:21:44.257881+00:00 [info] <0.229.0> Running boot step rabbit_looking_glass defined by app rabbit
2022-12-11 22:21:44.258033+00:00 [info] <0.229.0> Running boot step rabbit_core_metrics_gc defined by app rabbit
2022-12-11 22:21:44.258503+00:00 [info] <0.229.0> Running boot step background_gc defined by app rabbit
2022-12-11 22:21:44.259134+00:00 [info] <0.229.0> Running boot step routing_ready defined by app rabbit
2022-12-11 22:21:44.259260+00:00 [info] <0.229.0> Running boot step pre_flight defined by app rabbit
2022-12-11 22:21:44.259341+00:00 [info] <0.229.0> Running boot step notify_cluster defined by app rabbit
2022-12-11 22:21:44.259446+00:00 [info] <0.229.0> Running boot step networking defined by app rabbit
2022-12-11 22:21:44.259481+00:00 [info] <0.229.0> Running boot step definition_import_worker_pool defined by app rabbit
2022-12-11 22:21:44.259520+00:00 [info] <0.287.0> Starting worker pool 'definition_import_pool' with 16 processes in it
2022-12-11 22:21:44.260536+00:00 [info] <0.229.0> Running boot step cluster_name defined by app rabbit
2022-12-11 22:21:44.260644+00:00 [info] <0.229.0> Initialising internal cluster ID to 'rabbitmq-cluster-id-_LX2LbH5n13cnttDOdArCQ'
2022-12-11 22:21:44.264266+00:00 [info] <0.229.0> Running boot step direct_client defined by app rabbit
2022-12-11 22:21:44.264477+00:00 [info] <0.229.0> Running boot step rabbit_maintenance_mode_state defined by app rabbit
2022-12-11 22:21:44.264534+00:00 [info] <0.229.0> Creating table rabbit_node_maintenance_states for maintenance mode status
2022-12-11 22:21:44.279140+00:00 [info] <0.716.0> Resetting node maintenance status
2022-12-11 22:21:44.279377+00:00 [info] <0.716.0> Ready to start client connection listeners
2022-12-11 22:21:44.281459+00:00 [info] <0.734.0> started TCP listener on [::]:5672
2022-12-11 22:21:44.379318+00:00 [info] <0.716.0> Server startup complete; 0 plugins started.
2022-12-11 22:44:51.488202+00:00 [info] <0.853.0> Running boot step rabbit_mgmt_db_handler defined by app rabbitmq_management_agent
2022-12-11 22:44:51.488307+00:00 [info] <0.853.0> Management plugin: using rates mode 'basic'
2022-12-11 22:44:51.517644+00:00 [info] <0.853.0> Running boot step rabbit_mgmt_reset_handler defined by app rabbitmq_management
2022-12-11 22:44:51.517888+00:00 [info] <0.853.0> Running boot step rabbit_management_load_definitions defined by app rabbitmq_management
2022-12-11 22:44:51.527232+00:00 [info] <0.922.0> Management plugin: HTTP (non-TLS) listener started on port 15672
2022-12-11 22:44:51.527449+00:00 [info] <0.950.0> Statistics database started.
2022-12-11 22:44:51.527518+00:00 [info] <0.949.0> Starting worker pool 'management_worker_pool' with 3 processes in it
2022-12-11 22:44:51.528245+00:00 [info] <0.853.0> Plugins changed; enabled [rabbitmq_management_agent,cowlib,cowboy,
2022-12-11 22:44:51.528245+00:00 [info] <0.853.0>                           rabbitmq_web_dispatch,amqp_client,
2022-12-11 22:44:51.528245+00:00 [info] <0.853.0>                           rabbitmq_management]
2022-12-11 22:45:09.538061+00:00 [warning] <0.983.0> HTTP access denied: user 'guest' - User can only log in via localhost
2022-12-11 22:45:15.965287+00:00 [warning] <0.985.0> HTTP access denied: user 'guest' - User can only log in via localhost
2022-12-11 22:45:18.228203+00:00 [warning] <0.986.0> HTTP access denied: user 'guest' - User can only log in via localhost
2022-12-11 22:45:30.971623+00:00 [warning] <0.987.0> HTTP access denied: user 'admin' - invalid credentials
2022-12-11 22:45:37.864098+00:00 [warning] <0.989.0> HTTP access denied: user 'admin' - invalid credentials
2022-12-11 22:45:43.419997+00:00 [warning] <0.991.0> HTTP access denied: user 'admin' - invalid credentials
2022-12-11 22:45:53.825839+00:00 [warning] <0.992.0> HTTP access denied: user 'guest' - User can only log in via localhost
2022-12-11 22:46:10.796588+00:00 [warning] <0.993.0> HTTP access denied: user 'guest' - User can only log in via localhost
2022-12-11 22:46:12.162351+00:00 [warning] <0.994.0> HTTP access denied: user 'guest' - User can only log in via localhost
2022-12-11 22:46:21.880326+00:00 [warning] <0.995.0> HTTP access denied: user 'admin' - invalid credentials
2022-12-11 22:46:27.752907+00:00 [warning] <0.996.0> HTTP access denied: user 'admin' - invalid credentials
2022-12-11 22:46:45.768540+00:00 [warning] <0.997.0> HTTP access denied: user 'admin' - invalid credentials
2022-12-11 22:46:56.200990+00:00 [warning] <0.998.0> HTTP access denied: user 'admin' - invalid credentials
2022-12-11 22:47:02.211941+00:00 [warning] <0.999.0> HTTP access denied: user 'admin' - invalid credentials
2022-12-11 22:47:12.422947+00:00 [warning] <0.1000.0> HTTP access denied: user 'admin' - invalid credentials
2022-12-11 22:47:22.081025+00:00 [warning] <0.1005.0> HTTP access denied: user 'admin' - invalid credentials
2022-12-11 22:47:28.268141+00:00 [warning] <0.1006.0> HTTP access denied: user 'admin' - invalid credentials
2022-12-11 22:47:30.787726+00:00 [warning] <0.1008.0> HTTP access denied: user 'admin' - invalid credentials
2022-12-11 22:47:35.544850+00:00 [warning] <0.1009.0> HTTP access denied: user 'admin' - invalid credentials
2022-12-11 22:48:54.685244+00:00 [notice] <0.61.0> SIGTERM received - shutting down
2022-12-11 22:48:54.685244+00:00 [notice] <0.61.0> 
2022-12-11 22:48:54.689688+00:00 [warning] <0.914.0> HTTP listener registry could not find context rabbitmq_management_tls
2022-12-11 22:48:54.696886+00:00 [info] <0.229.0> Peer discovery backend rabbit_peer_discovery_classic_config does not support registration, skipping unregistration.
2022-12-11 22:48:54.697094+00:00 [info] <0.734.0> stopped TCP listener on [::]:5672
2022-12-11 22:48:54.698752+00:00 [info] <0.1012.0> Closing all connections in vhost '/' on node 'rabbit@bdda6f0b267f' because the vhost is stopping
2022-12-11 22:48:54.698817+00:00 [info] <0.667.0> Stopping message store for directory '/var/lib/rabbitmq/mnesia/rabbit@bdda6f0b267f/msg_stores/vhosts/628WB79CIFDYO9LJI6DKMI09L/msg_store_persistent'
2022-12-11 22:48:54.730139+00:00 [info] <0.667.0> Message store for directory '/var/lib/rabbitmq/mnesia/rabbit@bdda6f0b267f/msg_stores/vhosts/628WB79CIFDYO9LJI6DKMI09L/msg_store_persistent' is stopped
2022-12-11 22:48:54.730339+00:00 [info] <0.663.0> Stopping message store for directory '/var/lib/rabbitmq/mnesia/rabbit@bdda6f0b267f/msg_stores/vhosts/628WB79CIFDYO9LJI6DKMI09L/msg_store_transient'
2022-12-11 22:48:54.772870+00:00 [info] <0.663.0> Message store for directory '/var/lib/rabbitmq/mnesia/rabbit@bdda6f0b267f/msg_stores/vhosts/628WB79CIFDYO9LJI6DKMI09L/msg_store_transient' is stopped
2022-12-11 22:48:54.774784+00:00 [info] <0.612.0> Management plugin: to stop collect_statistics.
