2022-12-11 22:19:22.308989+00:00 [notice] <0.229.0> Logging: configured log handlers are now ACTIVE
2022-12-11 22:19:22.610953+00:00 [info] <0.229.0> ra: starting system quorum_queues
2022-12-11 22:19:22.611067+00:00 [info] <0.229.0> starting Ra system: quorum_queues in directory: /var/lib/rabbitmq/mnesia/rabbit@c6e477b8c18c/quorum/rabbit@c6e477b8c18c
2022-12-11 22:19:22.714495+00:00 [info] <0.266.0> ra system 'quorum_queues' running pre init for 0 registered servers
2022-12-11 22:19:22.733358+00:00 [info] <0.267.0> ra: meta data store initialised for system quorum_queues. 0 record(s) recovered
2022-12-11 22:19:22.750570+00:00 [notice] <0.272.0> WAL: ra_log_wal init, open tbls: ra_log_open_mem_tables, closed tbls: ra_log_closed_mem_tables
2022-12-11 22:19:22.773072+00:00 [info] <0.229.0> ra: starting system coordination
2022-12-11 22:19:22.773145+00:00 [info] <0.229.0> starting Ra system: coordination in directory: /var/lib/rabbitmq/mnesia/rabbit@c6e477b8c18c/coordination/rabbit@c6e477b8c18c
2022-12-11 22:19:22.790119+00:00 [info] <0.279.0> ra system 'coordination' running pre init for 0 registered servers
2022-12-11 22:19:22.795352+00:00 [info] <0.280.0> ra: meta data store initialised for system coordination. 0 record(s) recovered
2022-12-11 22:19:22.795641+00:00 [notice] <0.285.0> WAL: ra_coordination_log_wal init, open tbls: ra_coordination_log_open_mem_tables, closed tbls: ra_coordination_log_closed_mem_tables
2022-12-11 22:19:22.812332+00:00 [info] <0.229.0> 
2022-12-11 22:19:22.812332+00:00 [info] <0.229.0>  Starting RabbitMQ 3.11.4 on Erlang 25.1.2 [jit]
2022-12-11 22:19:22.812332+00:00 [info] <0.229.0>  Copyright (c) 2007-2022 VMware, Inc. or its affiliates.
2022-12-11 22:19:22.812332+00:00 [info] <0.229.0>  Licensed under the MPL 2.0. Website: https://rabbitmq.com
2022-12-11 22:19:22.813892+00:00 [info] <0.229.0> 
2022-12-11 22:19:22.813892+00:00 [info] <0.229.0>  node           : rabbit@c6e477b8c18c
2022-12-11 22:19:22.813892+00:00 [info] <0.229.0>  home dir       : /var/lib/rabbitmq
2022-12-11 22:19:22.813892+00:00 [info] <0.229.0>  config file(s) : (none)
2022-12-11 22:19:22.813892+00:00 [info] <0.229.0>  cookie hash    : I632BxIeVcljukT8rLir8Q==
2022-12-11 22:19:22.813892+00:00 [info] <0.229.0>  log(s)         : /var/log/rabbitmq/rabbit@c6e477b8c18c.log
2022-12-11 22:19:22.813892+00:00 [info] <0.229.0>                 : /var/log/rabbitmq/rabbit@c6e477b8c18c_upgrade.log
2022-12-11 22:19:22.813892+00:00 [info] <0.229.0>                 : <stdout>
2022-12-11 22:19:22.813892+00:00 [info] <0.229.0>  database dir   : /var/lib/rabbitmq/mnesia/rabbit@c6e477b8c18c
2022-12-11 22:19:25.930569+00:00 [info] <0.229.0> Running boot step pre_boot defined by app rabbit
2022-12-11 22:19:25.930649+00:00 [info] <0.229.0> Running boot step rabbit_global_counters defined by app rabbit
2022-12-11 22:19:25.930870+00:00 [info] <0.229.0> Running boot step rabbit_osiris_metrics defined by app rabbit
2022-12-11 22:19:25.930956+00:00 [info] <0.229.0> Running boot step rabbit_core_metrics defined by app rabbit
2022-12-11 22:19:25.931879+00:00 [info] <0.229.0> Running boot step rabbit_alarm defined by app rabbit
2022-12-11 22:19:25.935566+00:00 [info] <0.297.0> Memory high watermark set to 6282 MiB (6587274035 bytes) of 15705 MiB (16468185088 bytes) total
2022-12-11 22:19:25.940959+00:00 [info] <0.299.0> Enabling free disk space monitoring
2022-12-11 22:19:25.941078+00:00 [info] <0.299.0> Disk free limit set to 50MB
2022-12-11 22:19:25.944966+00:00 [info] <0.229.0> Running boot step code_server_cache defined by app rabbit
2022-12-11 22:19:25.945109+00:00 [info] <0.229.0> Running boot step file_handle_cache defined by app rabbit
2022-12-11 22:19:25.945272+00:00 [info] <0.302.0> Limiting to approx 1048479 file handles (943629 sockets)
2022-12-11 22:19:25.945351+00:00 [info] <0.303.0> FHC read buffering: OFF
2022-12-11 22:19:25.945383+00:00 [info] <0.303.0> FHC write buffering: ON
2022-12-11 22:19:25.945839+00:00 [info] <0.229.0> Running boot step worker_pool defined by app rabbit
2022-12-11 22:19:25.945983+00:00 [info] <0.287.0> Will use 16 processes for default worker pool
2022-12-11 22:19:25.946024+00:00 [info] <0.287.0> Starting worker pool 'worker_pool' with 16 processes in it
2022-12-11 22:19:25.946603+00:00 [info] <0.229.0> Running boot step database defined by app rabbit
2022-12-11 22:19:25.949703+00:00 [info] <0.229.0> Node database directory at /var/lib/rabbitmq/mnesia/rabbit@c6e477b8c18c is empty. Assuming we need to join an existing cluster or initialise from scratch...
2022-12-11 22:19:25.949794+00:00 [info] <0.229.0> Configured peer discovery backend: rabbit_peer_discovery_classic_config
2022-12-11 22:19:25.949820+00:00 [info] <0.229.0> Will try to lock with peer discovery backend rabbit_peer_discovery_classic_config
2022-12-11 22:19:25.949913+00:00 [info] <0.229.0> All discovered existing cluster peers:
2022-12-11 22:19:25.949942+00:00 [info] <0.229.0> Discovered no peer nodes to cluster with. Some discovery backends can filter nodes out based on a readiness criteria. Enabling debug logging might help troubleshoot.
2022-12-11 22:19:25.953324+00:00 [notice] <0.44.0> Application mnesia exited with reason: stopped
2022-12-11 22:19:26.427446+00:00 [info] <0.229.0> Waiting for Mnesia tables for 30000 ms, 9 retries left
2022-12-11 22:19:26.427658+00:00 [info] <0.229.0> Successfully synced tables from a peer
2022-12-11 22:19:26.445078+00:00 [info] <0.229.0> Feature flags: `feature_flags_v2`: supported, attempt to enable...
2022-12-11 22:19:26.471508+00:00 [notice] <0.288.0> Feature flags: attempt to enable `classic_mirrored_queue_version`...
2022-12-11 22:19:26.504381+00:00 [notice] <0.288.0> Feature flags: `classic_mirrored_queue_version` enabled
2022-12-11 22:19:26.505111+00:00 [notice] <0.288.0> Feature flags: attempt to enable `classic_queue_type_delivery_support`...
2022-12-11 22:19:26.521616+00:00 [notice] <0.288.0> Feature flags: attempt to enable `stream_queue`...
2022-12-11 22:19:26.561930+00:00 [notice] <0.288.0> Feature flags: `stream_queue` enabled
2022-12-11 22:19:26.581474+00:00 [notice] <0.288.0> Feature flags: `classic_queue_type_delivery_support` enabled
2022-12-11 22:19:26.582498+00:00 [notice] <0.288.0> Feature flags: attempt to enable `direct_exchange_routing_v2`...
2022-12-11 22:19:26.596391+00:00 [info] <0.508.0> Waiting for Mnesia tables for 30000 ms, 9 retries left
2022-12-11 22:19:26.596560+00:00 [info] <0.508.0> Successfully synced tables from a peer
2022-12-11 22:19:26.636145+00:00 [notice] <0.288.0> Feature flags: `direct_exchange_routing_v2` enabled
2022-12-11 22:19:26.637478+00:00 [notice] <0.288.0> Feature flags: attempt to enable `listener_records_in_ets`...
2022-12-11 22:19:26.765712+00:00 [notice] <0.288.0> Feature flags: `listener_records_in_ets` enabled
2022-12-11 22:19:26.767928+00:00 [notice] <0.288.0> Feature flags: attempt to enable `stream_single_active_consumer`...
2022-12-11 22:19:26.801840+00:00 [notice] <0.288.0> Feature flags: `stream_single_active_consumer` enabled
2022-12-11 22:19:26.802233+00:00 [notice] <0.288.0> Feature flags: attempt to enable `tracking_records_in_ets`...
2022-12-11 22:19:26.835744+00:00 [notice] <0.288.0> Feature flags: `tracking_records_in_ets` enabled
2022-12-11 22:19:26.837329+00:00 [info] <0.229.0> Waiting for Mnesia tables for 30000 ms, 9 retries left
2022-12-11 22:19:26.837456+00:00 [info] <0.229.0> Successfully synced tables from a peer
2022-12-11 22:19:26.876307+00:00 [info] <0.229.0> Waiting for Mnesia tables for 30000 ms, 9 retries left
2022-12-11 22:19:26.876471+00:00 [info] <0.229.0> Successfully synced tables from a peer
2022-12-11 22:19:26.876497+00:00 [info] <0.229.0> Peer discovery backend rabbit_peer_discovery_classic_config does not support registration, skipping registration.
2022-12-11 22:19:26.876515+00:00 [info] <0.229.0> Will try to unlock with peer discovery backend rabbit_peer_discovery_classic_config
2022-12-11 22:19:26.876610+00:00 [info] <0.229.0> Running boot step tracking_metadata_store defined by app rabbit
2022-12-11 22:19:26.876911+00:00 [info] <0.608.0> Setting up a table for connection tracking on this node: tracked_connection
2022-12-11 22:19:26.876973+00:00 [info] <0.608.0> Setting up a table for per-vhost connection counting on this node: tracked_connection_per_vhost
2022-12-11 22:19:26.877019+00:00 [info] <0.608.0> Setting up a table for per-user connection counting on this node: tracked_connection_per_user
2022-12-11 22:19:26.877097+00:00 [info] <0.608.0> Setting up a table for channel tracking on this node: tracked_channel
2022-12-11 22:19:26.877217+00:00 [info] <0.608.0> Setting up a table for channel tracking on this node: tracked_channel_per_user
2022-12-11 22:19:26.877439+00:00 [info] <0.229.0> Running boot step networking_metadata_store defined by app rabbit
2022-12-11 22:19:26.877611+00:00 [info] <0.229.0> Running boot step database_sync defined by app rabbit
2022-12-11 22:19:26.877786+00:00 [info] <0.229.0> Running boot step feature_flags defined by app rabbit
2022-12-11 22:19:26.880044+00:00 [info] <0.229.0> Running boot step codec_correctness_check defined by app rabbit
2022-12-11 22:19:26.880135+00:00 [info] <0.229.0> Running boot step external_infrastructure defined by app rabbit
2022-12-11 22:19:26.880190+00:00 [info] <0.229.0> Running boot step rabbit_event defined by app rabbit
2022-12-11 22:19:26.880343+00:00 [info] <0.229.0> Running boot step rabbit_registry defined by app rabbit
2022-12-11 22:19:26.880537+00:00 [info] <0.229.0> Running boot step rabbit_auth_mechanism_amqplain defined by app rabbit
2022-12-11 22:19:26.880645+00:00 [info] <0.229.0> Running boot step rabbit_auth_mechanism_cr_demo defined by app rabbit
2022-12-11 22:19:26.880693+00:00 [info] <0.229.0> Running boot step rabbit_auth_mechanism_plain defined by app rabbit
2022-12-11 22:19:26.880740+00:00 [info] <0.229.0> Running boot step rabbit_exchange_type_direct defined by app rabbit
2022-12-11 22:19:26.880804+00:00 [info] <0.229.0> Running boot step rabbit_exchange_type_fanout defined by app rabbit
2022-12-11 22:19:26.880892+00:00 [info] <0.229.0> Running boot step rabbit_exchange_type_headers defined by app rabbit
2022-12-11 22:19:26.880985+00:00 [info] <0.229.0> Running boot step rabbit_exchange_type_topic defined by app rabbit
2022-12-11 22:19:26.881053+00:00 [info] <0.229.0> Running boot step rabbit_mirror_queue_mode_all defined by app rabbit
2022-12-11 22:19:26.881155+00:00 [info] <0.229.0> Running boot step rabbit_mirror_queue_mode_exactly defined by app rabbit
2022-12-11 22:19:26.881229+00:00 [info] <0.229.0> Running boot step rabbit_mirror_queue_mode_nodes defined by app rabbit
2022-12-11 22:19:26.881268+00:00 [info] <0.229.0> Running boot step rabbit_priority_queue defined by app rabbit
2022-12-11 22:19:26.881324+00:00 [info] <0.229.0> Priority queues enabled, real BQ is rabbit_variable_queue
2022-12-11 22:19:26.881417+00:00 [info] <0.229.0> Running boot step rabbit_queue_location_client_local defined by app rabbit
2022-12-11 22:19:26.881530+00:00 [info] <0.229.0> Running boot step rabbit_queue_location_min_masters defined by app rabbit
2022-12-11 22:19:26.881596+00:00 [info] <0.229.0> Running boot step rabbit_queue_location_random defined by app rabbit
2022-12-11 22:19:26.881659+00:00 [info] <0.229.0> Running boot step kernel_ready defined by app rabbit
2022-12-11 22:19:26.881687+00:00 [info] <0.229.0> Running boot step rabbit_sysmon_minder defined by app rabbit
2022-12-11 22:19:26.881928+00:00 [info] <0.229.0> Running boot step rabbit_epmd_monitor defined by app rabbit
2022-12-11 22:19:26.883040+00:00 [info] <0.617.0> epmd monitor knows us, inter-node communication (distribution) port: 25672
2022-12-11 22:19:26.883244+00:00 [info] <0.229.0> Running boot step guid_generator defined by app rabbit
2022-12-11 22:19:26.895602+00:00 [info] <0.229.0> Running boot step rabbit_node_monitor defined by app rabbit
2022-12-11 22:19:26.895888+00:00 [info] <0.621.0> Starting rabbit_node_monitor
2022-12-11 22:19:26.896069+00:00 [info] <0.229.0> Running boot step delegate_sup defined by app rabbit
2022-12-11 22:19:26.896769+00:00 [info] <0.229.0> Running boot step rabbit_memory_monitor defined by app rabbit
2022-12-11 22:19:26.897179+00:00 [info] <0.229.0> Running boot step rabbit_fifo_dlx_sup defined by app rabbit
2022-12-11 22:19:26.897298+00:00 [info] <0.229.0> Running boot step core_initialized defined by app rabbit
2022-12-11 22:19:26.897348+00:00 [info] <0.229.0> Running boot step upgrade_queues defined by app rabbit
2022-12-11 22:19:26.912023+00:00 [info] <0.229.0> message_store upgrades: 1 to apply
2022-12-11 22:19:26.912161+00:00 [info] <0.229.0> message_store upgrades: Applying rabbit_variable_queue:move_messages_to_vhost_store
2022-12-11 22:19:26.912252+00:00 [info] <0.229.0> message_store upgrades: No durable queues found. Skipping message store migration
2022-12-11 22:19:26.912294+00:00 [info] <0.229.0> message_store upgrades: Removing the old message store data
2022-12-11 22:19:26.916277+00:00 [info] <0.229.0> message_store upgrades: All upgrades applied successfully
2022-12-11 22:19:26.941426+00:00 [info] <0.229.0> Running boot step channel_tracking defined by app rabbit
2022-12-11 22:19:26.941526+00:00 [info] <0.229.0> Running boot step rabbit_channel_tracking_handler defined by app rabbit
2022-12-11 22:19:26.941566+00:00 [info] <0.229.0> Running boot step connection_tracking defined by app rabbit
2022-12-11 22:19:26.941594+00:00 [info] <0.229.0> Running boot step rabbit_connection_tracking_handler defined by app rabbit
2022-12-11 22:19:26.941619+00:00 [info] <0.229.0> Running boot step rabbit_definitions_hashing defined by app rabbit
2022-12-11 22:19:26.941692+00:00 [info] <0.229.0> Running boot step rabbit_exchange_parameters defined by app rabbit
2022-12-11 22:19:26.941956+00:00 [info] <0.229.0> Running boot step rabbit_mirror_queue_misc defined by app rabbit
2022-12-11 22:19:26.942511+00:00 [info] <0.229.0> Running boot step rabbit_policies defined by app rabbit
2022-12-11 22:19:26.942995+00:00 [info] <0.229.0> Running boot step rabbit_policy defined by app rabbit
2022-12-11 22:19:26.943085+00:00 [info] <0.229.0> Running boot step rabbit_queue_location_validator defined by app rabbit
2022-12-11 22:19:26.943129+00:00 [info] <0.229.0> Running boot step rabbit_quorum_memory_manager defined by app rabbit
2022-12-11 22:19:26.943209+00:00 [info] <0.229.0> Running boot step rabbit_stream_coordinator defined by app rabbit
2022-12-11 22:19:26.943885+00:00 [info] <0.229.0> Running boot step rabbit_vhost_limit defined by app rabbit
2022-12-11 22:19:26.943997+00:00 [info] <0.229.0> Running boot step recovery defined by app rabbit
2022-12-11 22:19:26.945713+00:00 [info] <0.229.0> Running boot step empty_db_check defined by app rabbit
2022-12-11 22:19:26.945808+00:00 [info] <0.229.0> Will seed default virtual host and user...
2022-12-11 22:19:26.945880+00:00 [info] <0.229.0> Adding vhost '/' (description: 'Default virtual host', tags: [])
2022-12-11 22:19:26.952243+00:00 [info] <0.229.0> Applying default limits to vhost '<<"/">>': []
2022-12-11 22:19:26.986818+00:00 [info] <0.658.0> Making sure data directory '/var/lib/rabbitmq/mnesia/rabbit@c6e477b8c18c/msg_stores/vhosts/628WB79CIFDYO9LJI6DKMI09L' for vhost '/' exists
2022-12-11 22:19:27.003234+00:00 [info] <0.658.0> Setting segment_entry_count for vhost '/' with 0 queues to '2048'
2022-12-11 22:19:27.020297+00:00 [info] <0.658.0> Starting message stores for vhost '/'
2022-12-11 22:19:27.020728+00:00 [info] <0.663.0> Message store "628WB79CIFDYO9LJI6DKMI09L/msg_store_transient": using rabbit_msg_store_ets_index to provide index
2022-12-11 22:19:27.046689+00:00 [info] <0.658.0> Started message store of type transient for vhost '/'
2022-12-11 22:19:27.046908+00:00 [info] <0.667.0> Message store "628WB79CIFDYO9LJI6DKMI09L/msg_store_persistent": using rabbit_msg_store_ets_index to provide index
2022-12-11 22:19:27.053512+00:00 [warning] <0.667.0> Message store "628WB79CIFDYO9LJI6DKMI09L/msg_store_persistent": rebuilding indices from scratch
2022-12-11 22:19:27.060450+00:00 [info] <0.658.0> Started message store of type persistent for vhost '/'
2022-12-11 22:19:27.060744+00:00 [info] <0.658.0> Recovering 0 queues of type rabbit_classic_queue took 53ms
2022-12-11 22:19:27.060794+00:00 [info] <0.658.0> Recovering 0 queues of type rabbit_quorum_queue took 0ms
2022-12-11 22:19:27.060818+00:00 [info] <0.658.0> Recovering 0 queues of type rabbit_stream_queue took 0ms
2022-12-11 22:19:27.066671+00:00 [info] <0.229.0> Created user 'admin'
2022-12-11 22:19:27.070960+00:00 [info] <0.229.0> Successfully set user tags for user 'admin' to [administrator]
2022-12-11 22:19:27.075615+00:00 [info] <0.229.0> Successfully set permissions for 'admin' in virtual host '/' to '.*', '.*', '.*'
2022-12-11 22:19:27.075720+00:00 [info] <0.229.0> Running boot step rabbit_observer_cli defined by app rabbit
2022-12-11 22:19:27.075801+00:00 [info] <0.229.0> Running boot step rabbit_looking_glass defined by app rabbit
2022-12-11 22:19:27.075870+00:00 [info] <0.229.0> Running boot step rabbit_core_metrics_gc defined by app rabbit
2022-12-11 22:19:27.076244+00:00 [info] <0.229.0> Running boot step background_gc defined by app rabbit
2022-12-11 22:19:27.076812+00:00 [info] <0.229.0> Running boot step routing_ready defined by app rabbit
2022-12-11 22:19:27.076890+00:00 [info] <0.229.0> Running boot step pre_flight defined by app rabbit
2022-12-11 22:19:27.076950+00:00 [info] <0.229.0> Running boot step notify_cluster defined by app rabbit
2022-12-11 22:19:27.077067+00:00 [info] <0.229.0> Running boot step networking defined by app rabbit
2022-12-11 22:19:27.077184+00:00 [info] <0.229.0> Running boot step definition_import_worker_pool defined by app rabbit
2022-12-11 22:19:27.077299+00:00 [info] <0.287.0> Starting worker pool 'definition_import_pool' with 16 processes in it
2022-12-11 22:19:27.078326+00:00 [info] <0.229.0> Running boot step cluster_name defined by app rabbit
2022-12-11 22:19:27.078411+00:00 [info] <0.229.0> Initialising internal cluster ID to 'rabbitmq-cluster-id-J-C2DDgeZUOkCRan64dSjg'
2022-12-11 22:19:27.082326+00:00 [info] <0.229.0> Running boot step direct_client defined by app rabbit
2022-12-11 22:19:27.082564+00:00 [info] <0.229.0> Running boot step rabbit_maintenance_mode_state defined by app rabbit
2022-12-11 22:19:27.082704+00:00 [info] <0.229.0> Creating table rabbit_node_maintenance_states for maintenance mode status
2022-12-11 22:19:27.097289+00:00 [info] <0.716.0> Resetting node maintenance status
2022-12-11 22:19:27.097514+00:00 [info] <0.716.0> Ready to start client connection listeners
2022-12-11 22:19:27.099371+00:00 [info] <0.734.0> started TCP listener on [::]:5672
2022-12-11 22:19:27.208616+00:00 [info] <0.716.0> Server startup complete; 0 plugins started.
2022-12-11 22:21:29.388132+00:00 [notice] <0.61.0> SIGTERM received - shutting down
2022-12-11 22:21:29.388132+00:00 [notice] <0.61.0> 
2022-12-11 22:21:29.390300+00:00 [info] <0.229.0> Peer discovery backend rabbit_peer_discovery_classic_config does not support registration, skipping unregistration.
2022-12-11 22:21:29.390489+00:00 [info] <0.734.0> stopped TCP listener on [::]:5672
2022-12-11 22:21:29.392054+00:00 [info] <0.736.0> Closing all connections in vhost '/' on node 'rabbit@c6e477b8c18c' because the vhost is stopping
2022-12-11 22:21:29.392151+00:00 [info] <0.667.0> Stopping message store for directory '/var/lib/rabbitmq/mnesia/rabbit@c6e477b8c18c/msg_stores/vhosts/628WB79CIFDYO9LJI6DKMI09L/msg_store_persistent'
2022-12-11 22:21:29.420963+00:00 [info] <0.667.0> Message store for directory '/var/lib/rabbitmq/mnesia/rabbit@c6e477b8c18c/msg_stores/vhosts/628WB79CIFDYO9LJI6DKMI09L/msg_store_persistent' is stopped
2022-12-11 22:21:29.421182+00:00 [info] <0.663.0> Stopping message store for directory '/var/lib/rabbitmq/mnesia/rabbit@c6e477b8c18c/msg_stores/vhosts/628WB79CIFDYO9LJI6DKMI09L/msg_store_transient'
2022-12-11 22:21:29.461857+00:00 [info] <0.663.0> Message store for directory '/var/lib/rabbitmq/mnesia/rabbit@c6e477b8c18c/msg_stores/vhosts/628WB79CIFDYO9LJI6DKMI09L/msg_store_transient' is stopped
